mode: atomic
github.com/christmas-island/hive-server/internal/webhook/webhook.go:38.47,43.2 1 12
github.com/christmas-island/hive-server/internal/webhook/webhook.go:47.69,48.33 1 12
github.com/christmas-island/hive-server/internal/webhook/webhook.go:48.33,51.3 2 1
github.com/christmas-island/hive-server/internal/webhook/webhook.go:53.2,54.16 2 11
github.com/christmas-island/hive-server/internal/webhook/webhook.go:54.16,57.3 2 0
github.com/christmas-island/hive-server/internal/webhook/webhook.go:59.2,59.23 1 11
github.com/christmas-island/hive-server/internal/webhook/webhook.go:59.23,61.46 2 10
github.com/christmas-island/hive-server/internal/webhook/webhook.go:61.46,64.4 2 1
github.com/christmas-island/hive-server/internal/webhook/webhook.go:67.2,70.15 3 10
github.com/christmas-island/hive-server/internal/webhook/webhook.go:71.22,72.33 1 3
github.com/christmas-island/hive-server/internal/webhook/webhook.go:73.16,74.28 1 4
github.com/christmas-island/hive-server/internal/webhook/webhook.go:75.16,76.28 1 2
github.com/christmas-island/hive-server/internal/webhook/webhook.go:77.10,77.10 0 1
github.com/christmas-island/hive-server/internal/webhook/webhook.go:81.2,82.39 2 10
github.com/christmas-island/hive-server/internal/webhook/webhook.go:87.78,88.46 1 15
github.com/christmas-island/hive-server/internal/webhook/webhook.go:88.46,90.3 1 2
github.com/christmas-island/hive-server/internal/webhook/webhook.go:91.2,93.16 3 13
github.com/christmas-island/hive-server/internal/webhook/webhook.go:93.16,95.3 1 2
github.com/christmas-island/hive-server/internal/webhook/webhook.go:97.2,101.39 4 11
github.com/christmas-island/hive-server/internal/webhook/webhook.go:141.71,143.50 2 3
github.com/christmas-island/hive-server/internal/webhook/webhook.go:143.50,146.3 2 0
github.com/christmas-island/hive-server/internal/webhook/webhook.go:148.2,148.52 1 3
github.com/christmas-island/hive-server/internal/webhook/webhook.go:148.52,151.3 2 1
github.com/christmas-island/hive-server/internal/webhook/webhook.go:153.2,153.27 1 3
github.com/christmas-island/hive-server/internal/webhook/webhook.go:153.27,155.3 1 1
github.com/christmas-island/hive-server/internal/webhook/webhook.go:158.66,160.50 2 4
github.com/christmas-island/hive-server/internal/webhook/webhook.go:160.50,163.3 2 0
github.com/christmas-island/hive-server/internal/webhook/webhook.go:165.2,165.19 1 4
github.com/christmas-island/hive-server/internal/webhook/webhook.go:166.16,167.34 1 2
github.com/christmas-island/hive-server/internal/webhook/webhook.go:168.16,169.35 1 2
github.com/christmas-island/hive-server/internal/webhook/webhook.go:173.66,175.50 2 2
github.com/christmas-island/hive-server/internal/webhook/webhook.go:175.50,178.3 2 0
github.com/christmas-island/hive-server/internal/webhook/webhook.go:180.2,180.28 1 2
github.com/christmas-island/hive-server/internal/webhook/webhook.go:180.28,182.3 1 1
github.com/christmas-island/hive-server/internal/webhook/webhook.go:186.71,187.20 1 3
github.com/christmas-island/hive-server/internal/webhook/webhook.go:187.20,189.3 1 0
github.com/christmas-island/hive-server/internal/webhook/webhook.go:190.2,194.16 2 3
github.com/christmas-island/hive-server/internal/webhook/webhook.go:194.16,197.3 2 0
github.com/christmas-island/hive-server/internal/webhook/webhook.go:198.2,198.27 1 3
github.com/christmas-island/hive-server/internal/webhook/webhook.go:198.27,199.60 1 2
github.com/christmas-island/hive-server/internal/webhook/webhook.go:199.60,201.4 1 0
github.com/christmas-island/hive-server/internal/webhook/webhook.go:205.79,213.54 3 1
github.com/christmas-island/hive-server/internal/webhook/webhook.go:213.54,215.3 1 0
github.com/christmas-island/hive-server/internal/webhook/webhook.go:218.77,226.54 3 2
github.com/christmas-island/hive-server/internal/webhook/webhook.go:226.54,228.3 1 0
github.com/christmas-island/hive-server/internal/webhook/webhook.go:231.78,234.16 3 2
github.com/christmas-island/hive-server/internal/webhook/webhook.go:234.16,237.3 2 0
github.com/christmas-island/hive-server/internal/webhook/webhook.go:238.2,240.26 3 2
github.com/christmas-island/hive-server/internal/webhook/webhook.go:240.26,241.77 1 1
github.com/christmas-island/hive-server/internal/webhook/webhook.go:241.77,246.19 2 1
github.com/christmas-island/hive-server/internal/webhook/webhook.go:246.19,248.5 1 0
